<?xml version="1.0" encoding="UTF-8"?>
<!-- Generated by org.testng.reporters.JUnitXMLReporter -->
<testsuite ignored="0" hostname="DESKTOP-O9G7L1R" failures="2" tests="3" name="Test" time="85.295" errors="0" timestamp="2024-03-13T19:10:56 IST">
  <testcase classname="sharecaar_testcases.Login_TestCase" name="LoginTest" time="33.098">
    <failure type="java.lang.AssertionError" message="expected [true] but found [false]">
      <![CDATA[java.lang.AssertionError: expected [true] but found [false]
at sharecaar_testcases.Login_TestCase.LoginTest(Login_TestCase.java:42)
at java.base/java.util.ArrayList.forEach(ArrayList.java:1511)
... Removed 31 stack frames]]>
    </failure>
  </testcase> <!-- LoginTest -->
  <testcase classname="sharecaar_testcases.Login_TestCase" name="LoginTest" time="18.268">
    <failure type="java.lang.AssertionError" message="expected [true] but found [false]">
      <![CDATA[java.lang.AssertionError: expected [true] but found [false]
at sharecaar_testcases.Login_TestCase.LoginTest(Login_TestCase.java:42)
at java.base/java.util.ArrayList.forEach(ArrayList.java:1511)
... Removed 31 stack frames]]>
    </failure>
  </testcase> <!-- LoginTest -->
  <testcase classname="sharecaar_testcases.Login_TestCase" name="LoginTest" time="18.215"/>
</testsuite> <!-- Test -->
