<?xml version="1.0" encoding="UTF-8"?>
<testng-results ignored="0" total="1" passed="1" failed="0" skipped="0">
  <reporter-output>
  </reporter-output>
  <suite started-at="2024-03-21T11:56:15 IST" name="Suite" finished-at="2024-03-21T11:57:08 IST" duration-ms="53088">
    <groups>
    </groups>
    <test started-at="2024-03-21T11:56:15 IST" name="Test" finished-at="2024-03-21T11:57:08 IST" duration-ms="53088">
      <class name="sharecaar_testcases.Signup_TestCase">
        <test-method is-config="true" signature="OpenApplication(java.lang.String)[pri:0, instance:sharecaar_testcases.Signup_TestCase@4c12331b]" started-at="2024-03-21T11:56:16 IST" name="OpenApplication" finished-at="2024-03-21T11:56:30 IST" duration-ms="14316" status="PASS">
          <params>
            <param index="0">
              <value>
                <![CDATA[chrome]]>
              </value>
            </param>
          </params>
          <reporter-output>
          </reporter-output>
        </test-method> <!-- OpenApplication -->
        <test-method signature="SignupTest2()[pri:0, instance:sharecaar_testcases.Signup_TestCase@4c12331b]" started-at="2024-03-21T11:56:30 IST" name="SignupTest2" finished-at="2024-03-21T11:57:08 IST" duration-ms="38260" status="PASS">
          <reporter-output>
          </reporter-output>
        </test-method> <!-- SignupTest2 -->
        <test-method is-config="true" signature="CloseApplication()[pri:0, instance:sharecaar_testcases.Signup_TestCase@4c12331b]" started-at="2024-03-21T11:57:08 IST" name="CloseApplication" finished-at="2024-03-21T11:57:08 IST" duration-ms="231" status="PASS">
          <reporter-output>
          </reporter-output>
        </test-method> <!-- CloseApplication -->
      </class> <!-- sharecaar_testcases.Signup_TestCase -->
    </test> <!-- Test -->
  </suite> <!-- Suite -->
</testng-results>
